<?xml version="1.0" encoding="UTF-8"?>
<testsuite name="com.example.blog.Post.PostRepositoryTest" tests="1" skipped="0" failures="0" errors="0" timestamp="2024-11-08T08:05:26" hostname="DESKTOP-ESUP8H3" time="1.398">
  <properties/>
  <testcase name="포스트 불러오기" classname="com.example.blog.Post.PostRepositoryTest" time="1.398"/>
  <system-out><![CDATA[17:05:17.965 [Test worker] INFO org.springframework.test.context.support.AnnotationConfigContextLoaderUtils -- Could not detect default configuration classes for test class [com.example.blog.Post.PostRepositoryTest]: PostRepositoryTest does not declare any static, non-private, non-final, nested classes annotated with @Configuration.
17:05:18.169 [Test worker] INFO org.springframework.boot.test.context.SpringBootTestContextBootstrapper -- Found @SpringBootConfiguration com.example.blog.BlogApplication for test class com.example.blog.Post.PostRepositoryTest

  .   ____          _            __ _ _
 /\\ / ___'_ __ _ _(_)_ __  __ _ \ \ \ \
( ( )\___ | '_ | '_| | '_ \/ _` | \ \ \ \
 \\/  ___)| |_)| | | | | || (_| |  ) ) ) )
  '  |____| .__|_| |_|_| |_\__, | / / / /
 =========|_|==============|___/=/_/_/_/

 :: Spring Boot ::                (v3.3.3)

2024-11-08T17:05:18.781+09:00  INFO 75580 --- [blog] [    Test worker] c.example.blog.Post.PostRepositoryTest   : Starting PostRepositoryTest using Java 17.0.10 with PID 75580 (started by jjm in C:\Users\jjm\IdeaProjects\study\blog)
2024-11-08T17:05:18.781+09:00  INFO 75580 --- [blog] [    Test worker] c.example.blog.Post.PostRepositoryTest   : The following 1 profile is active: "dev"
2024-11-08T17:05:20.625+09:00  INFO 75580 --- [blog] [    Test worker] .s.d.r.c.RepositoryConfigurationDelegate : Bootstrapping Spring Data JPA repositories in DEFAULT mode.
2024-11-08T17:05:20.735+09:00  INFO 75580 --- [blog] [    Test worker] .s.d.r.c.RepositoryConfigurationDelegate : Finished Spring Data repository scanning in 95 ms. Found 2 JPA repository interfaces.
2024-11-08T17:05:21.960+09:00  INFO 75580 --- [blog] [    Test worker] o.hibernate.jpa.internal.util.LogHelper  : HHH000204: Processing PersistenceUnitInfo [name: default]
2024-11-08T17:05:22.132+09:00  INFO 75580 --- [blog] [    Test worker] org.hibernate.Version                    : HHH000412: Hibernate ORM core version 6.5.2.Final
2024-11-08T17:05:22.195+09:00  INFO 75580 --- [blog] [    Test worker] o.h.c.internal.RegionFactoryInitiator    : HHH000026: Second-level cache disabled
2024-11-08T17:05:22.713+09:00  INFO 75580 --- [blog] [    Test worker] o.s.o.j.p.SpringPersistenceUnitInfo      : No LoadTimeWeaver setup: ignoring JPA class transformer
2024-11-08T17:05:22.760+09:00  INFO 75580 --- [blog] [    Test worker] com.zaxxer.hikari.HikariDataSource       : HikariPool-1 - Starting...
2024-11-08T17:05:22.916+09:00  INFO 75580 --- [blog] [    Test worker] com.zaxxer.hikari.pool.HikariPool        : HikariPool-1 - Added connection conn0: url=jdbc:h2:tcp://localhost/C:/Users/jjm/IdeaProjects/study/blog/H2/data/test user=SA
2024-11-08T17:05:22.916+09:00  INFO 75580 --- [blog] [    Test worker] com.zaxxer.hikari.HikariDataSource       : HikariPool-1 - Start completed.
2024-11-08T17:05:24.234+09:00  INFO 75580 --- [blog] [    Test worker] o.h.e.t.j.p.i.JtaPlatformInitiator       : HHH000489: No JTA platform available (set 'hibernate.transaction.jta.platform' to enable JTA platform integration)
Hibernate: alter table if exists post alter column content set data type TEXT
2024-11-08T17:05:24.297+09:00  INFO 75580 --- [blog] [    Test worker] j.LocalContainerEntityManagerFactoryBean : Initialized JPA EntityManagerFactory for persistence unit 'default'
2024-11-08T17:05:25.059+09:00  WARN 75580 --- [blog] [    Test worker] JpaBaseConfiguration$JpaWebConfiguration : spring.jpa.open-in-view is enabled by default. Therefore, database queries may be performed during view rendering. Explicitly configure spring.jpa.open-in-view to disable this warning
2024-11-08T17:05:26.321+09:00  INFO 75580 --- [blog] [    Test worker] o.s.b.a.h2.H2ConsoleAutoConfiguration    : H2 console available at '/h2-console'. Database available at 'jdbc:h2:tcp://localhost/C:/Users/jjm/IdeaProjects/study/blog/H2/data/test'
2024-11-08T17:05:26.431+09:00  INFO 75580 --- [blog] [    Test worker] o.s.b.a.e.web.EndpointLinksResolver      : Exposing 1 endpoint beneath base path '/actuator'
2024-11-08T17:05:26.557+09:00  INFO 75580 --- [blog] [    Test worker] c.example.blog.Post.PostRepositoryTest   : Started PostRepositoryTest in 8.121 seconds (process running for 9.953)
Hibernate: select m1_0.member_num,m1_0.id,m1_0.last_login_date,m1_0.name,m1_0.nickname,m1_0.password,m1_0.phone_num,m1_0.regist_date,p1_0.member_num,p1_0.id,p1_0.content,p1_0.title from member m1_0 left join post p1_0 on m1_0.member_num=p1_0.member_num where m1_0.member_num=?
Hibernate: insert into post (content,member_num,title,id) values (?,?,?,default)
Hibernate: select p1_0.id,p1_0.content,p1_0.member_num,p1_0.title from post p1_0
Hibernate: select m1_0.member_num,m1_0.id,m1_0.last_login_date,m1_0.name,m1_0.nickname,m1_0.password,m1_0.phone_num,m1_0.regist_date,p1_0.member_num,p1_0.id,p1_0.content,p1_0.title from member m1_0 left join post p1_0 on m1_0.member_num=p1_0.member_num where m1_0.member_num=?
com.example.blog.domain.Post@18f6ccf4
Hibernate: select p1_0.id,p1_0.content,p1_0.member_num,p1_0.title from post p1_0
Hibernate: select m1_0.member_num,m1_0.id,m1_0.last_login_date,m1_0.name,m1_0.nickname,m1_0.password,m1_0.phone_num,m1_0.regist_date,p1_0.member_num,p1_0.id,p1_0.content,p1_0.title from member m1_0 left join post p1_0 on m1_0.member_num=p1_0.member_num where m1_0.member_num=?
Hibernate: delete from post where id=?
]]></system-out>
  <system-err><![CDATA[]]></system-err>
</testsuite>
