<?xml version="1.0" encoding="UTF-8"?>
<testsuite name="com.example.blog.Hello.HelloControllerTest" tests="1" skipped="0" failures="0" errors="0" timestamp="2024-09-30T06:08:08" hostname="DESKTOP-ESUP8H3" time="1.155">
  <properties/>
  <testcase name="Return HelloDto" classname="com.example.blog.Hello.HelloControllerTest" time="1.155"/>
  <system-out><![CDATA[15:08:06.414 [Test worker] INFO org.springframework.test.context.support.AnnotationConfigContextLoaderUtils -- Could not detect default configuration classes for test class [com.example.blog.Hello.HelloControllerTest]: HelloControllerTest does not declare any static, non-private, non-final, nested classes annotated with @Configuration.
15:08:06.649 [Test worker] INFO org.springframework.boot.test.context.SpringBootTestContextBootstrapper -- Found @SpringBootConfiguration com.example.blog.BlogApplication for test class com.example.blog.Hello.HelloControllerTest

  .   ____          _            __ _ _
 /\\ / ___'_ __ _ _(_)_ __  __ _ \ \ \ \
( ( )\___ | '_ | '_| | '_ \/ _` | \ \ \ \
 \\/  ___)| |_)| | | | | || (_| |  ) ) ) )
  '  |____| .__|_| |_|_| |_\__, | / / / /
 =========|_|==============|___/=/_/_/_/

 :: Spring Boot ::                (v3.3.3)

2024-09-30T15:08:07.288+09:00  INFO 4752 --- [blog] [    Test worker] c.e.blog.Hello.HelloControllerTest       : Starting HelloControllerTest using Java 17.0.10 with PID 4752 (started by jjm in C:\Users\jjm\IdeaProjects\study\blog)
2024-09-30T15:08:07.296+09:00  INFO 4752 --- [blog] [    Test worker] c.e.blog.Hello.HelloControllerTest       : The following 1 profile is active: "dev"
2024-09-30T15:08:08.926+09:00  INFO 4752 --- [blog] [    Test worker] o.s.b.t.m.w.SpringBootMockServletContext : Initializing Spring TestDispatcherServlet ''
2024-09-30T15:08:08.926+09:00  INFO 4752 --- [blog] [    Test worker] o.s.t.web.servlet.TestDispatcherServlet  : Initializing Servlet ''
2024-09-30T15:08:08.926+09:00  INFO 4752 --- [blog] [    Test worker] o.s.t.web.servlet.TestDispatcherServlet  : Completed initialization in 0 ms
2024-09-30T15:08:08.973+09:00  INFO 4752 --- [blog] [    Test worker] c.e.blog.Hello.HelloControllerTest       : Started HelloControllerTest in 2.183 seconds (process running for 3.909)
]]></system-out>
  <system-err><![CDATA[]]></system-err>
</testsuite>
