<?xml version="1.0" encoding="UTF-8"?>
<testsuite name="com.example.blog.Member.MemberRepositoryTest" tests="1" skipped="0" failures="0" errors="0" timestamp="2024-10-08T06:43:40" hostname="DESKTOP-ESUP8H3" time="1.1">
  <properties/>
  <testcase name="멤버 리포지토리 테스트" classname="com.example.blog.Member.MemberRepositoryTest" time="1.1"/>
  <system-out><![CDATA[15:43:32.468 [Test worker] INFO org.springframework.test.context.support.AnnotationConfigContextLoaderUtils -- Could not detect default configuration classes for test class [com.example.blog.Member.MemberRepositoryTest]: MemberRepositoryTest does not declare any static, non-private, non-final, nested classes annotated with @Configuration.
15:43:32.649 [Test worker] INFO org.springframework.boot.test.context.SpringBootTestContextBootstrapper -- Found @SpringBootConfiguration com.example.blog.BlogApplication for test class com.example.blog.Member.MemberRepositoryTest

  .   ____          _            __ _ _
 /\\ / ___'_ __ _ _(_)_ __  __ _ \ \ \ \
( ( )\___ | '_ | '_| | '_ \/ _` | \ \ \ \
 \\/  ___)| |_)| | | | | || (_| |  ) ) ) )
  '  |____| .__|_| |_|_| |_\__, | / / / /
 =========|_|==============|___/=/_/_/_/

 :: Spring Boot ::                (v3.3.3)

2024-10-08T15:43:33.317+09:00  INFO 17996 --- [blog] [    Test worker] c.e.blog.Member.MemberRepositoryTest     : Starting MemberRepositoryTest using Java 17.0.10 with PID 17996 (started by jjm in C:\Users\jjm\IdeaProjects\study\blog)
2024-10-08T15:43:33.317+09:00  INFO 17996 --- [blog] [    Test worker] c.e.blog.Member.MemberRepositoryTest     : The following 1 profile is active: "dev"
2024-10-08T15:43:35.226+09:00  INFO 17996 --- [blog] [    Test worker] .s.d.r.c.RepositoryConfigurationDelegate : Bootstrapping Spring Data JPA repositories in DEFAULT mode.
2024-10-08T15:43:35.304+09:00  INFO 17996 --- [blog] [    Test worker] .s.d.r.c.RepositoryConfigurationDelegate : Finished Spring Data repository scanning in 67 ms. Found 2 JPA repository interfaces.
2024-10-08T15:43:36.434+09:00  INFO 17996 --- [blog] [    Test worker] o.hibernate.jpa.internal.util.LogHelper  : HHH000204: Processing PersistenceUnitInfo [name: default]
2024-10-08T15:43:36.589+09:00  INFO 17996 --- [blog] [    Test worker] org.hibernate.Version                    : HHH000412: Hibernate ORM core version 6.5.2.Final
2024-10-08T15:43:36.653+09:00  INFO 17996 --- [blog] [    Test worker] o.h.c.internal.RegionFactoryInitiator    : HHH000026: Second-level cache disabled
2024-10-08T15:43:37.171+09:00  INFO 17996 --- [blog] [    Test worker] o.s.o.j.p.SpringPersistenceUnitInfo      : No LoadTimeWeaver setup: ignoring JPA class transformer
2024-10-08T15:43:37.219+09:00  INFO 17996 --- [blog] [    Test worker] com.zaxxer.hikari.HikariDataSource       : HikariPool-1 - Starting...
2024-10-08T15:43:37.313+09:00  INFO 17996 --- [blog] [    Test worker] com.zaxxer.hikari.pool.HikariPool        : HikariPool-1 - Added connection conn0: url=jdbc:h2:tcp://localhost/C:/Users/jjm/IdeaProjects/study/blog/H2/data/test user=SA
2024-10-08T15:43:37.313+09:00  INFO 17996 --- [blog] [    Test worker] com.zaxxer.hikari.HikariDataSource       : HikariPool-1 - Start completed.
2024-10-08T15:43:38.492+09:00  INFO 17996 --- [blog] [    Test worker] o.h.e.t.j.p.i.JtaPlatformInitiator       : HHH000489: No JTA platform available (set 'hibernate.transaction.jta.platform' to enable JTA platform integration)
Hibernate: alter table if exists post alter column content set data type TEXT
2024-10-08T15:43:38.551+09:00  INFO 17996 --- [blog] [    Test worker] j.LocalContainerEntityManagerFactoryBean : Initialized JPA EntityManagerFactory for persistence unit 'default'
2024-10-08T15:43:38.834+09:00  WARN 17996 --- [blog] [    Test worker] JpaBaseConfiguration$JpaWebConfiguration : spring.jpa.open-in-view is enabled by default. Therefore, database queries may be performed during view rendering. Explicitly configure spring.jpa.open-in-view to disable this warning
2024-10-08T15:43:40.362+09:00  INFO 17996 --- [blog] [    Test worker] o.s.b.a.h2.H2ConsoleAutoConfiguration    : H2 console available at '/h2-console'. Database available at 'jdbc:h2:tcp://localhost/C:/Users/jjm/IdeaProjects/study/blog/H2/data/test'
2024-10-08T15:43:40.441+09:00  INFO 17996 --- [blog] [    Test worker] o.s.b.a.e.web.EndpointLinksResolver      : Exposing 1 endpoint beneath base path '/actuator'
2024-10-08T15:43:40.551+09:00  INFO 17996 --- [blog] [    Test worker] c.e.blog.Member.MemberRepositoryTest     : Started MemberRepositoryTest in 7.604 seconds (process running for 9.396)
Hibernate: insert into member (id,last_login_date,name,nickname,password,phone_num,regist_date,member_num) values (?,?,?,?,?,?,?,default)
Hibernate: select m1_0.member_num,m1_0.id,m1_0.last_login_date,m1_0.name,m1_0.nickname,m1_0.password,m1_0.phone_num,m1_0.regist_date from member m1_0
Hibernate: select m1_0.member_num,m1_0.id,m1_0.last_login_date,m1_0.name,m1_0.nickname,m1_0.password,m1_0.phone_num,m1_0.regist_date from member m1_0
Hibernate: delete from member where member_num=?
Hibernate: ALTER TABLE MEMBER ALTER COLUMN member_Num RESTART WITH 1
]]></system-out>
  <system-err><![CDATA[]]></system-err>
</testsuite>
