<?xml version="1.0" encoding="UTF-8"?>
<testsuite name="com.example.blog.Post.PostRepositoryTest" tests="1" skipped="0" failures="0" errors="0" timestamp="2024-10-01T11:15:48" hostname="DESKTOP-8GDP8QG" time="0.459">
  <properties/>
  <testcase name="포스트 불러오기" classname="com.example.blog.Post.PostRepositoryTest" time="0.459"/>
  <system-out><![CDATA[20:15:44.906 [Test worker] INFO org.springframework.test.context.support.AnnotationConfigContextLoaderUtils -- Could not detect default configuration classes for test class [com.example.blog.Post.PostRepositoryTest]: PostRepositoryTest does not declare any static, non-private, non-final, nested classes annotated with @Configuration.
20:15:44.976 [Test worker] INFO org.springframework.boot.test.context.SpringBootTestContextBootstrapper -- Found @SpringBootConfiguration com.example.blog.BlogApplication for test class com.example.blog.Post.PostRepositoryTest

  .   ____          _            __ _ _
 /\\ / ___'_ __ _ _(_)_ __  __ _ \ \ \ \
( ( )\___ | '_ | '_| | '_ \/ _` | \ \ \ \
 \\/  ___)| |_)| | | | | || (_| |  ) ) ) )
  '  |____| .__|_| |_|_| |_\__, | / / / /
 =========|_|==============|___/=/_/_/_/

 :: Spring Boot ::                (v3.3.3)

2024-10-01T20:15:45.201+09:00  INFO 2000 --- [blog] [    Test worker] c.example.blog.Post.PostRepositoryTest   : Starting PostRepositoryTest using Java 17.0.11 with PID 2000 (started by Admin in C:\study\blog)
2024-10-01T20:15:45.201+09:00  INFO 2000 --- [blog] [    Test worker] c.example.blog.Post.PostRepositoryTest   : The following 1 profile is active: "dev"
2024-10-01T20:15:45.803+09:00  INFO 2000 --- [blog] [    Test worker] .s.d.r.c.RepositoryConfigurationDelegate : Bootstrapping Spring Data JPA repositories in DEFAULT mode.
2024-10-01T20:15:45.838+09:00  INFO 2000 --- [blog] [    Test worker] .s.d.r.c.RepositoryConfigurationDelegate : Finished Spring Data repository scanning in 29 ms. Found 1 JPA repository interface.
2024-10-01T20:15:46.210+09:00  INFO 2000 --- [blog] [    Test worker] o.hibernate.jpa.internal.util.LogHelper  : HHH000204: Processing PersistenceUnitInfo [name: default]
2024-10-01T20:15:46.253+09:00  INFO 2000 --- [blog] [    Test worker] org.hibernate.Version                    : HHH000412: Hibernate ORM core version 6.5.2.Final
2024-10-01T20:15:46.278+09:00  INFO 2000 --- [blog] [    Test worker] o.h.c.internal.RegionFactoryInitiator    : HHH000026: Second-level cache disabled
2024-10-01T20:15:46.487+09:00  INFO 2000 --- [blog] [    Test worker] o.s.o.j.p.SpringPersistenceUnitInfo      : No LoadTimeWeaver setup: ignoring JPA class transformer
2024-10-01T20:15:46.505+09:00  INFO 2000 --- [blog] [    Test worker] com.zaxxer.hikari.HikariDataSource       : HikariPool-1 - Starting...
2024-10-01T20:15:46.553+09:00  INFO 2000 --- [blog] [    Test worker] com.zaxxer.hikari.pool.HikariPool        : HikariPool-1 - Added connection conn0: url=jdbc:h2:tcp://localhost/C://study/blog/H2/data/test user=SA
2024-10-01T20:15:46.554+09:00  INFO 2000 --- [blog] [    Test worker] com.zaxxer.hikari.HikariDataSource       : HikariPool-1 - Start completed.
2024-10-01T20:15:47.097+09:00  INFO 2000 --- [blog] [    Test worker] o.h.e.t.j.p.i.JtaPlatformInitiator       : HHH000489: No JTA platform available (set 'hibernate.transaction.jta.platform' to enable JTA platform integration)
Hibernate: alter table if exists post alter column content set data type TEXT
2024-10-01T20:15:47.121+09:00  INFO 2000 --- [blog] [    Test worker] j.LocalContainerEntityManagerFactoryBean : Initialized JPA EntityManagerFactory for persistence unit 'default'
2024-10-01T20:15:47.255+09:00  WARN 2000 --- [blog] [    Test worker] JpaBaseConfiguration$JpaWebConfiguration : spring.jpa.open-in-view is enabled by default. Therefore, database queries may be performed during view rendering. Explicitly configure spring.jpa.open-in-view to disable this warning
2024-10-01T20:15:47.629+09:00  WARN 2000 --- [blog] [    Test worker] ion$DefaultTemplateResolverConfiguration : Cannot find template location: classpath:/templates/ (please add some templates, check your Thymeleaf configuration, or set spring.thymeleaf.check-template-location=false)
2024-10-01T20:15:48.179+09:00  INFO 2000 --- [blog] [    Test worker] o.s.b.a.h2.H2ConsoleAutoConfiguration    : H2 console available at '/h2-console'. Database available at 'jdbc:h2:tcp://localhost/C://study/blog/H2/data/test'
2024-10-01T20:15:48.206+09:00  INFO 2000 --- [blog] [    Test worker] o.s.b.a.e.web.EndpointLinksResolver      : Exposing 1 endpoint beneath base path '/actuator'
2024-10-01T20:15:48.254+09:00  INFO 2000 --- [blog] [    Test worker] c.example.blog.Post.PostRepositoryTest   : Started PostRepositoryTest in 3.185 seconds (process running for 3.949)
Hibernate: insert into post (author,content,title,id) values (?,?,?,default)
Hibernate: select p1_0.id,p1_0.author,p1_0.content,p1_0.title from post p1_0
Hibernate: select p1_0.id,p1_0.author,p1_0.content,p1_0.title from post p1_0
Hibernate: delete from post where id=?
]]></system-out>
  <system-err><![CDATA[]]></system-err>
</testsuite>
